<?xml version="1.0" encoding="UTF-8"?>
<!-- Generated by org.testng.reporters.JUnitReportReporter -->
<testsuite hostname="SIPL92" failures="0" tests="1" name="fdxsdtest.SeleniumFDXTests" time="75.394" errors="0" timestamp="2022-02-23T11:09:40 IST" skipped="0">
  <testcase classname="fdxsdtest.SeleniumFDXTests" name="fedExSameDay" time="75.394"/>
  <system-out/>
</testsuite> <!-- fdxsdtest.SeleniumFDXTests -->
